c:\users\b012521i\documents\github\foggs\semester 2\opengl\opengl\debug\vc142.pdb
c:\users\b012521i\documents\github\foggs\semester 2\opengl\opengl\debug\vc142.idb
c:\users\b012521i\documents\github\foggs\semester 2\opengl\opengl\debug\texture2d.obj
c:\users\b012521i\documents\github\foggs\semester 2\opengl\opengl\debug\staticobjects.obj
c:\users\b012521i\documents\github\foggs\semester 2\opengl\opengl\debug\sceneobject.obj
c:\users\b012521i\documents\github\foggs\semester 2\opengl\opengl\debug\meshloader.obj
c:\users\b012521i\documents\github\foggs\semester 2\opengl\opengl\debug\glutcallbacks.obj
c:\users\b012521i\documents\github\foggs\semester 2\opengl\opengl\debug\hellogl.obj
c:\users\b012521i\documents\github\foggs\semester 2\opengl\opengl\debug\main.obj
c:\users\b012521i\documents\github\foggs\semester 2\opengl\opengl\debug\flyingobjects.obj
c:\users\b012521i\documents\github\foggs\semester 2\opengl\opengl\debug\bitmap.obj
c:\users\b012521i\documents\github\foggs\semester 2\opengl\debug\opengl.exe
c:\users\b012521i\documents\github\foggs\semester 2\opengl\debug\opengl.ilk
c:\users\b012521i\documents\github\foggs\semester 2\opengl\debug\opengl.pdb
c:\users\b012521i\documents\github\foggs\semester 2\opengl\opengl\debug\opengl.tlog\cl.command.1.tlog
c:\users\b012521i\documents\github\foggs\semester 2\opengl\opengl\debug\opengl.tlog\cl.read.1.tlog
c:\users\b012521i\documents\github\foggs\semester 2\opengl\opengl\debug\opengl.tlog\cl.write.1.tlog
c:\users\b012521i\documents\github\foggs\semester 2\opengl\opengl\debug\opengl.tlog\link.command.1.tlog
c:\users\b012521i\documents\github\foggs\semester 2\opengl\opengl\debug\opengl.tlog\link.read.1.tlog
c:\users\b012521i\documents\github\foggs\semester 2\opengl\opengl\debug\opengl.tlog\link.write.1.tlog
